<?xml version="1.0" encoding="UTF-8"?>
<testng-results ignored="0" total="1" passed="1" failed="0" skipped="0">
  <reporter-output>
  </reporter-output>
  <suite started-at="2022-03-07T11:30:02 CET" name="Surefire suite" finished-at="2022-03-07T11:30:02 CET" duration-ms="33">
    <groups>
    </groups>
    <test started-at="2022-03-07T11:30:02 CET" name="Surefire test" finished-at="2022-03-07T11:30:02 CET" duration-ms="33">
      <class name="es.udc.fi.ri.AppTest">
        <test-method signature="shouldAnswerWithTrue()[pri:0, instance:es.udc.fi.ri.AppTest@77888435]" started-at="2022-03-07T11:30:02 CET" name="shouldAnswerWithTrue" finished-at="2022-03-07T11:30:02 CET" duration-ms="6" status="PASS">
          <reporter-output>
          </reporter-output>
        </test-method> <!-- shouldAnswerWithTrue -->
      </class> <!-- es.udc.fi.ri.AppTest -->
    </test> <!-- Surefire test -->
  </suite> <!-- Surefire suite -->
</testng-results>
